<?xml version="1.0" encoding="UTF-8"?>
<!-- Generated by org.testng.reporters.JUnitReportReporter -->
<testsuite hostname="Sagar-Komal" failures="0" tests="1" name="testRunners.testRunner" time="0.151" errors="1" timestamp="2024-06-10T17:21:13 CDT" skipped="0">
  <testcase classname="testRunners.testRunner" name="runScenario" time="0.151">
    <error message="Cannot invoke &quot;String.equals(Object)&quot; because &quot;browser&quot; is null" type="java.lang.NullPointerException">
      <![CDATA[java.lang.NullPointerException: Cannot invoke "String.equals(Object)" because "browser" is null
at factory.DriverFactory.initDriver(DriverFactory.java:24)
at factory.DriverFactory.getDriver(DriverFactory.java:40)
at appHooks.ApplicationHooks.launchbrowser(ApplicationHooks.java:31)
]]>
    </error>
  </testcase> <!-- runScenario -->
  <system-out/>
</testsuite> <!-- testRunners.testRunner -->
