<?xml version="1.0" encoding="UTF-8"?>
<!-- Generated by org.testng.reporters.JUnitReportReporter -->
<testsuite hostname="Sagar-Komal" failures="0" tests="1" name="runner.testRunner" time="0.162" errors="0" timestamp="2024-06-08T09:57:52 CDT" skipped="0">
  <testcase classname="runner.testRunner" name="runScenario" time="0.162"/>
  <system-out/>
</testsuite> <!-- runner.testRunner -->
